<!doctype html>
<html lang="en"><head><meta charSet="utf-8"/><meta http-equiv="X-UA-Compatible" content="IE=edge"/><meta name="viewport" content="width=device-width, initial-scale=1"/><title>Mochawesome Report</title><link rel="stylesheet" href="assets\app.css"/></head><body data-raw="{&quot;stats&quot;:{&quot;suites&quot;:12,&quot;tests&quot;:25,&quot;passes&quot;:1,&quot;pending&quot;:0,&quot;failures&quot;:24,&quot;start&quot;:&quot;2023-10-19T04:40:19.653Z&quot;,&quot;end&quot;:&quot;2023-10-19T04:40:19.698Z&quot;,&quot;duration&quot;:45,&quot;testsRegistered&quot;:25,&quot;passPercent&quot;:4,&quot;pendingPercent&quot;:0,&quot;other&quot;:0,&quot;hasOther&quot;:false,&quot;skipped&quot;:0,&quot;hasSkipped&quot;:false},&quot;results&quot;:[{&quot;uuid&quot;:&quot;10065601-bfa4-4783-90d4-5d173b3b34a3&quot;,&quot;title&quot;:&quot;&quot;,&quot;fullFile&quot;:&quot;&quot;,&quot;file&quot;:&quot;&quot;,&quot;beforeHooks&quot;:[],&quot;afterHooks&quot;:[],&quot;tests&quot;:[],&quot;suites&quot;:[{&quot;uuid&quot;:&quot;464568f3-ae00-4bd2-9f21-2a4703f91990&quot;,&quot;title&quot;:&quot;Unit Tests&quot;,&quot;fullFile&quot;:&quot;C:\\Users\\Lora Saranillo\\OneDrive\\Documents\\GitHub\\SoftwareTesting\\boilerplate-mochachai-main\\tests\\1_unit-tests.js&quot;,&quot;file&quot;:&quot;\\tests\\1_unit-tests.js&quot;,&quot;beforeHooks&quot;:[],&quot;afterHooks&quot;:[],&quot;tests&quot;:[],&quot;suites&quot;:[{&quot;uuid&quot;:&quot;9d338179-7681-4cdc-9e11-a877fb427c96&quot;,&quot;title&quot;:&quot;Basic Assertions&quot;,&quot;fullFile&quot;:&quot;C:\\Users\\Lora Saranillo\\OneDrive\\Documents\\GitHub\\SoftwareTesting\\boilerplate-mochachai-main\\tests\\1_unit-tests.js&quot;,&quot;file&quot;:&quot;\\tests\\1_unit-tests.js&quot;,&quot;beforeHooks&quot;:[],&quot;afterHooks&quot;:[],&quot;tests&quot;:[{&quot;title&quot;:&quot;#isNull, #isNotNull&quot;,&quot;fullTitle&quot;:&quot;Unit Tests Basic Assertions #isNull, #isNotNull&quot;,&quot;timedOut&quot;:false,&quot;duration&quot;:0,&quot;state&quot;:&quot;passed&quot;,&quot;speed&quot;:&quot;fast&quot;,&quot;pass&quot;:true,&quot;fail&quot;:false,&quot;pending&quot;:false,&quot;code&quot;:&quot;assert.isNull(null, &#x27;This is an optional error description - e.g. null is null&#x27;);\nassert.isNotNull(1, &#x27;1 is not null&#x27;);&quot;,&quot;err&quot;:{},&quot;uuid&quot;:&quot;0edba1e9-78da-4598-8059-39bff54a02b4&quot;,&quot;parentUUID&quot;:&quot;9d338179-7681-4cdc-9e11-a877fb427c96&quot;,&quot;isHook&quot;:false,&quot;skipped&quot;:false},{&quot;title&quot;:&quot;#isDefined, #isUndefined&quot;,&quot;fullTitle&quot;:&quot;Unit Tests Basic Assertions #isDefined, #isUndefined&quot;,&quot;timedOut&quot;:false,&quot;duration&quot;:0,&quot;state&quot;:&quot;failed&quot;,&quot;pass&quot;:false,&quot;fail&quot;:true,&quot;pending&quot;:false,&quot;code&quot;:&quot;assert.fail(null, &#x27;null is not undefined&#x27;);\nassert.fail(undefined, &#x27;undefined IS undefined&#x27;);\nassert.fail(&#x27;hello&#x27;, &#x27;A string is not undefined&#x27;);&quot;,&quot;err&quot;:{&quot;message&quot;:&quot;AssertionError: assert.fail()&quot;,&quot;estack&quot;:&quot;AssertionError: assert.fail()\n    at Context.&lt;anonymous&gt; (tests\\1_unit-tests.js:14:14)\n    at process.processImmediate (node:internal/timers:478:21)&quot;},&quot;uuid&quot;:&quot;48f5c262-d5b4-41e2-b787-ec1a43a6a31f&quot;,&quot;parentUUID&quot;:&quot;9d338179-7681-4cdc-9e11-a877fb427c96&quot;,&quot;isHook&quot;:false,&quot;skipped&quot;:false},{&quot;title&quot;:&quot;#isOk, #isNotOk&quot;,&quot;fullTitle&quot;:&quot;Unit Tests Basic Assertions #isOk, #isNotOk&quot;,&quot;timedOut&quot;:false,&quot;duration&quot;:0,&quot;state&quot;:&quot;failed&quot;,&quot;pass&quot;:false,&quot;fail&quot;:true,&quot;pending&quot;:false,&quot;code&quot;:&quot;assert.fail(null, &#x27;null is falsey&#x27;);\nassert.fail(\&quot;I&#x27;m truthy\&quot;, &#x27;A string is truthy&#x27;);\nassert.fail(true, &#x27;true is truthy&#x27;);&quot;,&quot;err&quot;:{&quot;message&quot;:&quot;AssertionError: assert.fail()&quot;,&quot;estack&quot;:&quot;AssertionError: assert.fail()\n    at Context.&lt;anonymous&gt; (tests\\1_unit-tests.js:20:14)\n    at process.processImmediate (node:internal/timers:478:21)&quot;},&quot;uuid&quot;:&quot;5a86c60f-b9d5-41aa-a9ec-c54e56c3768e&quot;,&quot;parentUUID&quot;:&quot;9d338179-7681-4cdc-9e11-a877fb427c96&quot;,&quot;isHook&quot;:false,&quot;skipped&quot;:false},{&quot;title&quot;:&quot;#isTrue, #isNotTrue&quot;,&quot;fullTitle&quot;:&quot;Unit Tests Basic Assertions #isTrue, #isNotTrue&quot;,&quot;timedOut&quot;:false,&quot;duration&quot;:0,&quot;state&quot;:&quot;failed&quot;,&quot;pass&quot;:false,&quot;fail&quot;:true,&quot;pending&quot;:false,&quot;code&quot;:&quot;assert.fail(true, &#x27;true is true&#x27;);\nassert.fail(!!&#x27;double negation&#x27;, &#x27;Double negation of a truthy value is true&#x27;);\nassert.fail({ value: &#x27;truthy&#x27; }, &#x27;Objects are truthy, but are not boolean values&#x27;);&quot;,&quot;err&quot;:{&quot;message&quot;:&quot;AssertionError: assert.fail()&quot;,&quot;estack&quot;:&quot;AssertionError: assert.fail()\n    at Context.&lt;anonymous&gt; (tests\\1_unit-tests.js:26:14)\n    at process.processImmediate (node:internal/timers:478:21)&quot;},&quot;uuid&quot;:&quot;cc1b0dbe-963b-4f1e-b070-8a49676d3610&quot;,&quot;parentUUID&quot;:&quot;9d338179-7681-4cdc-9e11-a877fb427c96&quot;,&quot;isHook&quot;:false,&quot;skipped&quot;:false}],&quot;suites&quot;:[],&quot;passes&quot;:[&quot;0edba1e9-78da-4598-8059-39bff54a02b4&quot;],&quot;failures&quot;:[&quot;48f5c262-d5b4-41e2-b787-ec1a43a6a31f&quot;,&quot;5a86c60f-b9d5-41aa-a9ec-c54e56c3768e&quot;,&quot;cc1b0dbe-963b-4f1e-b070-8a49676d3610&quot;],&quot;pending&quot;:[],&quot;skipped&quot;:[],&quot;duration&quot;:0,&quot;root&quot;:false,&quot;rootEmpty&quot;:false,&quot;_timeout&quot;:2000},{&quot;uuid&quot;:&quot;e5119aa5-eb00-4333-b383-6d3b3af21e30&quot;,&quot;title&quot;:&quot;Equality&quot;,&quot;fullFile&quot;:&quot;C:\\Users\\Lora Saranillo\\OneDrive\\Documents\\GitHub\\SoftwareTesting\\boilerplate-mochachai-main\\tests\\1_unit-tests.js&quot;,&quot;file&quot;:&quot;\\tests\\1_unit-tests.js&quot;,&quot;beforeHooks&quot;:[],&quot;afterHooks&quot;:[],&quot;tests&quot;:[{&quot;title&quot;:&quot;#equal, #notEqual&quot;,&quot;fullTitle&quot;:&quot;Unit Tests Equality #equal, #notEqual&quot;,&quot;timedOut&quot;:false,&quot;duration&quot;:0,&quot;state&quot;:&quot;failed&quot;,&quot;pass&quot;:false,&quot;fail&quot;:true,&quot;pending&quot;:false,&quot;code&quot;:&quot;assert.fail(12, &#x27;12&#x27;, &#x27;Numbers are coerced into strings with ==&#x27;);\nassert.fail({ value: 1 }, { value: 1 }, &#x27;== compares object references&#x27;);\nassert.fail(6 * &#x27;2&#x27;, &#x27;12&#x27;);\nassert.fail(6 + &#x27;2&#x27;, &#x27;12&#x27;);&quot;,&quot;err&quot;:{&quot;message&quot;:&quot;AssertionError: Numbers are coerced into strings with ==&quot;,&quot;estack&quot;:&quot;AssertionError: Numbers are coerced into strings with ==\n    at Context.&lt;anonymous&gt; (tests\\1_unit-tests.js:37:14)\n    at process.processImmediate (node:internal/timers:478:21)&quot;},&quot;uuid&quot;:&quot;e87b99fd-dcec-4375-9288-dc329e8468f9&quot;,&quot;parentUUID&quot;:&quot;e5119aa5-eb00-4333-b383-6d3b3af21e30&quot;,&quot;isHook&quot;:false,&quot;skipped&quot;:false},{&quot;title&quot;:&quot;#strictEqual, #notStrictEqual&quot;,&quot;fullTitle&quot;:&quot;Unit Tests Equality #strictEqual, #notStrictEqual&quot;,&quot;timedOut&quot;:false,&quot;duration&quot;:0,&quot;state&quot;:&quot;failed&quot;,&quot;pass&quot;:false,&quot;fail&quot;:true,&quot;pending&quot;:false,&quot;code&quot;:&quot;assert.fail(6, &#x27;6&#x27;);\nassert.fail(6, 3 * 2);\nassert.fail(6 * &#x27;2&#x27;, 12);\nassert.fail([1, &#x27;a&#x27;, {}], [1, &#x27;a&#x27;, {}]);&quot;,&quot;err&quot;:{&quot;message&quot;:&quot;AssertionError: assert.fail()&quot;,&quot;estack&quot;:&quot;AssertionError: assert.fail()\n    at Context.&lt;anonymous&gt; (tests\\1_unit-tests.js:44:14)\n    at process.processImmediate (node:internal/timers:478:21)&quot;},&quot;uuid&quot;:&quot;4c37b4dd-c9c6-4514-a663-de59e706f70a&quot;,&quot;parentUUID&quot;:&quot;e5119aa5-eb00-4333-b383-6d3b3af21e30&quot;,&quot;isHook&quot;:false,&quot;skipped&quot;:false},{&quot;title&quot;:&quot;#deepEqual, #notDeepEqual&quot;,&quot;fullTitle&quot;:&quot;Unit Tests Equality #deepEqual, #notDeepEqual&quot;,&quot;timedOut&quot;:false,&quot;duration&quot;:0,&quot;state&quot;:&quot;failed&quot;,&quot;pass&quot;:false,&quot;fail&quot;:true,&quot;pending&quot;:false,&quot;code&quot;:&quot;assert.fail({ a: &#x27;1&#x27;, b: 5 }, { b: 5, a: &#x27;1&#x27; }, \&quot;The order of keys doesn&#x27;t matter\&quot;);\nassert.fail({ a: [5, 6] }, { a: [6, 5] }, &#x27;The order of array elements does matter&#x27;);&quot;,&quot;err&quot;:{&quot;message&quot;:&quot;AssertionError: The order of keys doesn&#x27;t matter&quot;,&quot;estack&quot;:&quot;AssertionError: The order of keys doesn&#x27;t matter\n    at Context.&lt;anonymous&gt; (tests\\1_unit-tests.js:51:14)\n    at process.processImmediate (node:internal/timers:478:21)&quot;},&quot;uuid&quot;:&quot;e10d45db-dc64-49b8-9927-86506f53e422&quot;,&quot;parentUUID&quot;:&quot;e5119aa5-eb00-4333-b383-6d3b3af21e30&quot;,&quot;isHook&quot;:false,&quot;skipped&quot;:false}],&quot;suites&quot;:[],&quot;passes&quot;:[],&quot;failures&quot;:[&quot;e87b99fd-dcec-4375-9288-dc329e8468f9&quot;,&quot;4c37b4dd-c9c6-4514-a663-de59e706f70a&quot;,&quot;e10d45db-dc64-49b8-9927-86506f53e422&quot;],&quot;pending&quot;:[],&quot;skipped&quot;:[],&quot;duration&quot;:0,&quot;root&quot;:false,&quot;rootEmpty&quot;:false,&quot;_timeout&quot;:2000},{&quot;uuid&quot;:&quot;8520a423-c01c-4b81-acd5-31df64ed8fef&quot;,&quot;title&quot;:&quot;Comparisons&quot;,&quot;fullFile&quot;:&quot;C:\\Users\\Lora Saranillo\\OneDrive\\Documents\\GitHub\\SoftwareTesting\\boilerplate-mochachai-main\\tests\\1_unit-tests.js&quot;,&quot;file&quot;:&quot;\\tests\\1_unit-tests.js&quot;,&quot;beforeHooks&quot;:[],&quot;afterHooks&quot;:[],&quot;tests&quot;:[{&quot;title&quot;:&quot;#isAbove, #isAtMost&quot;,&quot;fullTitle&quot;:&quot;Unit Tests Comparisons #isAbove, #isAtMost&quot;,&quot;timedOut&quot;:false,&quot;duration&quot;:0,&quot;state&quot;:&quot;failed&quot;,&quot;pass&quot;:false,&quot;fail&quot;:true,&quot;pending&quot;:false,&quot;code&quot;:&quot;assert.fail(&#x27;hello&#x27;.length, 5);\nassert.fail(1, 0);\nassert.fail(Math.PI, 3);\nassert.fail(1 - Math.random(), 1);&quot;,&quot;err&quot;:{&quot;message&quot;:&quot;AssertionError: assert.fail()&quot;,&quot;estack&quot;:&quot;AssertionError: assert.fail()\n    at Context.&lt;anonymous&gt; (tests\\1_unit-tests.js:65:14)\n    at process.processImmediate (node:internal/timers:478:21)&quot;},&quot;uuid&quot;:&quot;856798fe-cb63-4124-a3fd-116730ed2597&quot;,&quot;parentUUID&quot;:&quot;8520a423-c01c-4b81-acd5-31df64ed8fef&quot;,&quot;isHook&quot;:false,&quot;skipped&quot;:false},{&quot;title&quot;:&quot;#isBelow, #isAtLeast&quot;,&quot;fullTitle&quot;:&quot;Unit Tests Comparisons #isBelow, #isAtLeast&quot;,&quot;timedOut&quot;:false,&quot;duration&quot;:0,&quot;state&quot;:&quot;failed&quot;,&quot;pass&quot;:false,&quot;fail&quot;:true,&quot;pending&quot;:false,&quot;code&quot;:&quot;assert.fail(&#x27;world&#x27;.length, 5);\nassert.fail(2 * Math.random(), 0);\nassert.fail(5 % 2, 2);\nassert.fail(2 / 3, 1);&quot;,&quot;err&quot;:{&quot;message&quot;:&quot;AssertionError: assert.fail()&quot;,&quot;estack&quot;:&quot;AssertionError: assert.fail()\n    at Context.&lt;anonymous&gt; (tests\\1_unit-tests.js:72:14)\n    at process.processImmediate (node:internal/timers:478:21)&quot;},&quot;uuid&quot;:&quot;d8c4eed6-c188-4232-bdeb-7e7673a5ff2c&quot;,&quot;parentUUID&quot;:&quot;8520a423-c01c-4b81-acd5-31df64ed8fef&quot;,&quot;isHook&quot;:false,&quot;skipped&quot;:false},{&quot;title&quot;:&quot;#approximately&quot;,&quot;fullTitle&quot;:&quot;Unit Tests Comparisons #approximately&quot;,&quot;timedOut&quot;:false,&quot;duration&quot;:0,&quot;state&quot;:&quot;failed&quot;,&quot;pass&quot;:false,&quot;fail&quot;:true,&quot;pending&quot;:false,&quot;code&quot;:&quot;assert.fail(weirdNumbers(0.5), 1, 0);\nassert.fail(weirdNumbers(0.2), 1, 0);&quot;,&quot;err&quot;:{&quot;message&quot;:&quot;AssertionError: assert.fail()&quot;,&quot;estack&quot;:&quot;AssertionError: assert.fail()\n    at Context.&lt;anonymous&gt; (tests\\1_unit-tests.js:79:14)\n    at process.processImmediate (node:internal/timers:478:21)&quot;},&quot;uuid&quot;:&quot;b22e82d4-6358-404c-abd1-c1c366e901d8&quot;,&quot;parentUUID&quot;:&quot;8520a423-c01c-4b81-acd5-31df64ed8fef&quot;,&quot;isHook&quot;:false,&quot;skipped&quot;:false}],&quot;suites&quot;:[],&quot;passes&quot;:[],&quot;failures&quot;:[&quot;856798fe-cb63-4124-a3fd-116730ed2597&quot;,&quot;d8c4eed6-c188-4232-bdeb-7e7673a5ff2c&quot;,&quot;b22e82d4-6358-404c-abd1-c1c366e901d8&quot;],&quot;pending&quot;:[],&quot;skipped&quot;:[],&quot;duration&quot;:0,&quot;root&quot;:false,&quot;rootEmpty&quot;:false,&quot;_timeout&quot;:2000},{&quot;uuid&quot;:&quot;fd80e669-cb28-435b-b320-904bdd234625&quot;,&quot;title&quot;:&quot;Arrays&quot;,&quot;fullFile&quot;:&quot;C:\\Users\\Lora Saranillo\\OneDrive\\Documents\\GitHub\\SoftwareTesting\\boilerplate-mochachai-main\\tests\\1_unit-tests.js&quot;,&quot;file&quot;:&quot;\\tests\\1_unit-tests.js&quot;,&quot;beforeHooks&quot;:[],&quot;afterHooks&quot;:[],&quot;tests&quot;:[{&quot;title&quot;:&quot;#isArray, #isNotArray&quot;,&quot;fullTitle&quot;:&quot;Unit Tests Arrays #isArray, #isNotArray&quot;,&quot;timedOut&quot;:false,&quot;duration&quot;:0,&quot;state&quot;:&quot;failed&quot;,&quot;pass&quot;:false,&quot;fail&quot;:true,&quot;pending&quot;:false,&quot;code&quot;:&quot;assert.fail(&#x27;isThisAnArray?&#x27;.split(&#x27;&#x27;), &#x27;String.prototype.split() returns an array&#x27;);\nassert.fail([1, 2, 3].indexOf(2), &#x27;indexOf returns a number&#x27;);&quot;,&quot;err&quot;:{&quot;message&quot;:&quot;AssertionError: assert.fail()&quot;,&quot;estack&quot;:&quot;AssertionError: assert.fail()\n    at Context.&lt;anonymous&gt; (tests\\1_unit-tests.js:91:14)\n    at process.processImmediate (node:internal/timers:478:21)&quot;},&quot;uuid&quot;:&quot;c37592c3-58b6-4b8a-a570-a3313b399e2e&quot;,&quot;parentUUID&quot;:&quot;fd80e669-cb28-435b-b320-904bdd234625&quot;,&quot;isHook&quot;:false,&quot;skipped&quot;:false},{&quot;title&quot;:&quot;Array #include, #notInclude&quot;,&quot;fullTitle&quot;:&quot;Unit Tests Arrays Array #include, #notInclude&quot;,&quot;timedOut&quot;:false,&quot;duration&quot;:0,&quot;state&quot;:&quot;failed&quot;,&quot;pass&quot;:false,&quot;fail&quot;:true,&quot;pending&quot;:false,&quot;code&quot;:&quot;assert.fail(winterMonths, &#x27;jul&#x27;, \&quot;It&#x27;s summer in july...\&quot;);\nassert.fail(backendLanguages, &#x27;javascript&#x27;, &#x27;JS is a backend language&#x27;);&quot;,&quot;err&quot;:{&quot;message&quot;:&quot;AssertionError: It&#x27;s summer in july...&quot;,&quot;estack&quot;:&quot;AssertionError: It&#x27;s summer in july...\n    at Context.&lt;anonymous&gt; (tests\\1_unit-tests.js:96:14)\n    at process.processImmediate (node:internal/timers:478:21)&quot;},&quot;uuid&quot;:&quot;214fd7a9-a993-4584-abb8-d5727e2e2abb&quot;,&quot;parentUUID&quot;:&quot;fd80e669-cb28-435b-b320-904bdd234625&quot;,&quot;isHook&quot;:false,&quot;skipped&quot;:false}],&quot;suites&quot;:[],&quot;passes&quot;:[],&quot;failures&quot;:[&quot;c37592c3-58b6-4b8a-a570-a3313b399e2e&quot;,&quot;214fd7a9-a993-4584-abb8-d5727e2e2abb&quot;],&quot;pending&quot;:[],&quot;skipped&quot;:[],&quot;duration&quot;:0,&quot;root&quot;:false,&quot;rootEmpty&quot;:false,&quot;_timeout&quot;:2000},{&quot;uuid&quot;:&quot;b49e7be1-7158-4321-b4e8-79ffae15ce2c&quot;,&quot;title&quot;:&quot;Strings&quot;,&quot;fullFile&quot;:&quot;C:\\Users\\Lora Saranillo\\OneDrive\\Documents\\GitHub\\SoftwareTesting\\boilerplate-mochachai-main\\tests\\1_unit-tests.js&quot;,&quot;file&quot;:&quot;\\tests\\1_unit-tests.js&quot;,&quot;beforeHooks&quot;:[],&quot;afterHooks&quot;:[],&quot;tests&quot;:[{&quot;title&quot;:&quot;#isString, #isNotString&quot;,&quot;fullTitle&quot;:&quot;Unit Tests Strings #isString, #isNotString&quot;,&quot;timedOut&quot;:false,&quot;duration&quot;:0,&quot;state&quot;:&quot;failed&quot;,&quot;pass&quot;:false,&quot;fail&quot;:true,&quot;pending&quot;:false,&quot;code&quot;:&quot;assert.fail(Math.sin(Math.PI / 4), &#x27;A float is not a string&#x27;);\nassert.fail(process.env.PATH, &#x27;An env variable is a string (or undefined)&#x27;);\nassert.fail(JSON.stringify({ type: &#x27;object&#x27; }), &#x27;JSON is a string&#x27;);&quot;,&quot;err&quot;:{&quot;message&quot;:&quot;AssertionError: assert.fail()&quot;,&quot;estack&quot;:&quot;AssertionError: assert.fail()\n    at Context.&lt;anonymous&gt; (tests\\1_unit-tests.js:109:14)\n    at process.processImmediate (node:internal/timers:478:21)&quot;},&quot;uuid&quot;:&quot;5d5fb1bf-c77f-4d35-a78d-1baf9e765a19&quot;,&quot;parentUUID&quot;:&quot;b49e7be1-7158-4321-b4e8-79ffae15ce2c&quot;,&quot;isHook&quot;:false,&quot;skipped&quot;:false},{&quot;title&quot;:&quot;String #include, #notInclude&quot;,&quot;fullTitle&quot;:&quot;Unit Tests Strings String #include, #notInclude&quot;,&quot;timedOut&quot;:false,&quot;duration&quot;:1,&quot;state&quot;:&quot;failed&quot;,&quot;pass&quot;:false,&quot;fail&quot;:true,&quot;pending&quot;:false,&quot;code&quot;:&quot;assert.fail(&#x27;Arrow&#x27;, &#x27;row&#x27;, \&quot;&#x27;Arrow&#x27; contains &#x27;row&#x27;\&quot;);\nassert.fail(&#x27;dart&#x27;, &#x27;queue&#x27;, \&quot;But &#x27;dart&#x27; doesn&#x27;t contain &#x27;queue&#x27;\&quot;);&quot;,&quot;err&quot;:{&quot;message&quot;:&quot;AssertionError: &#x27;Arrow&#x27; contains &#x27;row&#x27;&quot;,&quot;estack&quot;:&quot;AssertionError: &#x27;Arrow&#x27; contains &#x27;row&#x27;\n    at Context.&lt;anonymous&gt; (tests\\1_unit-tests.js:115:14)\n    at process.processImmediate (node:internal/timers:478:21)&quot;},&quot;uuid&quot;:&quot;b52c1a82-ee39-49bc-8447-ce80d00282a0&quot;,&quot;parentUUID&quot;:&quot;b49e7be1-7158-4321-b4e8-79ffae15ce2c&quot;,&quot;isHook&quot;:false,&quot;skipped&quot;:false},{&quot;title&quot;:&quot;#match, #notMatch&quot;,&quot;fullTitle&quot;:&quot;Unit Tests Strings #match, #notMatch&quot;,&quot;timedOut&quot;:false,&quot;duration&quot;:0,&quot;state&quot;:&quot;failed&quot;,&quot;pass&quot;:false,&quot;fail&quot;:true,&quot;pending&quot;:false,&quot;code&quot;:&quot;const regex = /^#\\sname\\:\\s[\\w\\s]+,\\sage\\:\\s\\d+\\s?$/;\nassert.fail(formatPeople(&#x27;John Doe&#x27;, 35), regex);\nassert.fail(formatPeople(&#x27;Paul Smith III&#x27;, &#x27;twenty-four&#x27;), regex);&quot;,&quot;err&quot;:{&quot;message&quot;:&quot;AssertionError: assert.fail()&quot;,&quot;estack&quot;:&quot;AssertionError: assert.fail()\n    at Context.&lt;anonymous&gt; (tests\\1_unit-tests.js:121:14)\n    at process.processImmediate (node:internal/timers:478:21)&quot;},&quot;uuid&quot;:&quot;771e120e-b501-4fc1-9129-97f6ecc68a78&quot;,&quot;parentUUID&quot;:&quot;b49e7be1-7158-4321-b4e8-79ffae15ce2c&quot;,&quot;isHook&quot;:false,&quot;skipped&quot;:false}],&quot;suites&quot;:[],&quot;passes&quot;:[],&quot;failures&quot;:[&quot;5d5fb1bf-c77f-4d35-a78d-1baf9e765a19&quot;,&quot;b52c1a82-ee39-49bc-8447-ce80d00282a0&quot;,&quot;771e120e-b501-4fc1-9129-97f6ecc68a78&quot;],&quot;pending&quot;:[],&quot;skipped&quot;:[],&quot;duration&quot;:1,&quot;root&quot;:false,&quot;rootEmpty&quot;:false,&quot;_timeout&quot;:2000},{&quot;uuid&quot;:&quot;f5107ec5-6d4c-4087-b480-703f5a2cb637&quot;,&quot;title&quot;:&quot;Objects&quot;,&quot;fullFile&quot;:&quot;C:\\Users\\Lora Saranillo\\OneDrive\\Documents\\GitHub\\SoftwareTesting\\boilerplate-mochachai-main\\tests\\1_unit-tests.js&quot;,&quot;file&quot;:&quot;\\tests\\1_unit-tests.js&quot;,&quot;beforeHooks&quot;:[],&quot;afterHooks&quot;:[],&quot;tests&quot;:[{&quot;title&quot;:&quot;#property, #notProperty&quot;,&quot;fullTitle&quot;:&quot;Unit Tests Objects #property, #notProperty&quot;,&quot;timedOut&quot;:false,&quot;duration&quot;:0,&quot;state&quot;:&quot;failed&quot;,&quot;pass&quot;:false,&quot;fail&quot;:true,&quot;pending&quot;:false,&quot;code&quot;:&quot;assert.fail(myCar, &#x27;wings&#x27;, \&quot;Cars don&#x27;t have wings\&quot;);\nassert.fail(airlinePlane, &#x27;engines&#x27;, &#x27;Planes have engines&#x27;);\nassert.fail(myCar, &#x27;wheels&#x27;, &#x27;Cars have wheels&#x27;);&quot;,&quot;err&quot;:{&quot;message&quot;:&quot;AssertionError: Cars don&#x27;t have wings&quot;,&quot;estack&quot;:&quot;AssertionError: Cars don&#x27;t have wings\n    at Context.&lt;anonymous&gt; (tests\\1_unit-tests.js:147:14)\n    at process.processImmediate (node:internal/timers:478:21)&quot;},&quot;uuid&quot;:&quot;fe990f33-3ea4-436b-8e69-89df42d5b012&quot;,&quot;parentUUID&quot;:&quot;f5107ec5-6d4c-4087-b480-703f5a2cb637&quot;,&quot;isHook&quot;:false,&quot;skipped&quot;:false},{&quot;title&quot;:&quot;#typeOf, #notTypeOf&quot;,&quot;fullTitle&quot;:&quot;Unit Tests Objects #typeOf, #notTypeOf&quot;,&quot;timedOut&quot;:false,&quot;duration&quot;:0,&quot;state&quot;:&quot;failed&quot;,&quot;pass&quot;:false,&quot;fail&quot;:true,&quot;pending&quot;:false,&quot;code&quot;:&quot;assert.fail(myCar, &#x27;object&#x27;);\nassert.fail(myCar.model, &#x27;string&#x27;);\nassert.fail(airlinePlane.wings, &#x27;string&#x27;);\nassert.fail(airlinePlane.engines, &#x27;array&#x27;);\nassert.fail(myCar.wheels, &#x27;number&#x27;);&quot;,&quot;err&quot;:{&quot;message&quot;:&quot;AssertionError: assert.fail()&quot;,&quot;estack&quot;:&quot;AssertionError: assert.fail()\n    at Context.&lt;anonymous&gt; (tests\\1_unit-tests.js:153:14)\n    at process.processImmediate (node:internal/timers:478:21)&quot;},&quot;uuid&quot;:&quot;2c5e47b9-f4db-48aa-8cd3-c9ee80c727e8&quot;,&quot;parentUUID&quot;:&quot;f5107ec5-6d4c-4087-b480-703f5a2cb637&quot;,&quot;isHook&quot;:false,&quot;skipped&quot;:false},{&quot;title&quot;:&quot;#instanceOf, #notInstanceOf&quot;,&quot;fullTitle&quot;:&quot;Unit Tests Objects #instanceOf, #notInstanceOf&quot;,&quot;timedOut&quot;:false,&quot;duration&quot;:0,&quot;state&quot;:&quot;failed&quot;,&quot;pass&quot;:false,&quot;fail&quot;:true,&quot;pending&quot;:false,&quot;code&quot;:&quot;assert.fail(myCar, Plane);\nassert.fail(airlinePlane, Plane);\nassert.fail(airlinePlane, Object);\nassert.fail(myCar.wheels, String);&quot;,&quot;err&quot;:{&quot;message&quot;:&quot;AssertionError: assert.fail()&quot;,&quot;estack&quot;:&quot;AssertionError: assert.fail()\n    at Context.&lt;anonymous&gt; (tests\\1_unit-tests.js:161:14)\n    at process.processImmediate (node:internal/timers:478:21)&quot;},&quot;uuid&quot;:&quot;2438d8e8-ed21-4fe7-bef1-be191b579b4b&quot;,&quot;parentUUID&quot;:&quot;f5107ec5-6d4c-4087-b480-703f5a2cb637&quot;,&quot;isHook&quot;:false,&quot;skipped&quot;:false}],&quot;suites&quot;:[],&quot;passes&quot;:[],&quot;failures&quot;:[&quot;fe990f33-3ea4-436b-8e69-89df42d5b012&quot;,&quot;2c5e47b9-f4db-48aa-8cd3-c9ee80c727e8&quot;,&quot;2438d8e8-ed21-4fe7-bef1-be191b579b4b&quot;],&quot;pending&quot;:[],&quot;skipped&quot;:[],&quot;duration&quot;:0,&quot;root&quot;:false,&quot;rootEmpty&quot;:false,&quot;_timeout&quot;:2000}],&quot;passes&quot;:[],&quot;failures&quot;:[],&quot;pending&quot;:[],&quot;skipped&quot;:[],&quot;duration&quot;:0,&quot;root&quot;:false,&quot;rootEmpty&quot;:false,&quot;_timeout&quot;:2000},{&quot;uuid&quot;:&quot;aa74bf5b-9e1a-489e-b682-ea22a5dab2b1&quot;,&quot;title&quot;:&quot;Functional Tests&quot;,&quot;fullFile&quot;:&quot;C:\\Users\\Lora Saranillo\\OneDrive\\Documents\\GitHub\\SoftwareTesting\\boilerplate-mochachai-main\\tests\\2_functional-tests.js&quot;,&quot;file&quot;:&quot;\\tests\\2_functional-tests.js&quot;,&quot;beforeHooks&quot;:[],&quot;afterHooks&quot;:[],&quot;tests&quot;:[],&quot;suites&quot;:[{&quot;uuid&quot;:&quot;eb645be5-7a4d-4d7b-8c86-f6d93b5f6bae&quot;,&quot;title&quot;:&quot;Integration tests with chai-http&quot;,&quot;fullFile&quot;:&quot;C:\\Users\\Lora Saranillo\\OneDrive\\Documents\\GitHub\\SoftwareTesting\\boilerplate-mochachai-main\\tests\\2_functional-tests.js&quot;,&quot;file&quot;:&quot;\\tests\\2_functional-tests.js&quot;,&quot;beforeHooks&quot;:[],&quot;afterHooks&quot;:[],&quot;tests&quot;:[{&quot;title&quot;:&quot;Test GET /hello with no name&quot;,&quot;fullTitle&quot;:&quot;Functional Tests Integration tests with chai-http Test GET /hello with no name&quot;,&quot;timedOut&quot;:false,&quot;duration&quot;:17,&quot;state&quot;:&quot;failed&quot;,&quot;pass&quot;:false,&quot;fail&quot;:true,&quot;pending&quot;:false,&quot;code&quot;:&quot;chai\n  .request(server)\n  .keepOpen()\n  .get(&#x27;/hello&#x27;)\n  .end(function (err, res) {\n    assert.fail(res.status, 200);\n    assert.fail(res.text, &#x27;hello Guest&#x27;);\n    done();\n  });&quot;,&quot;err&quot;:{&quot;message&quot;:&quot;AssertionError: assert.fail()&quot;,&quot;estack&quot;:&quot;AssertionError: assert.fail()\n    at C:\\Users\\Lora Saranillo\\OneDrive\\Documents\\GitHub\\SoftwareTesting\\boilerplate-mochachai-main\\tests\\2_functional-tests.js:19:18\n    at Request.callback (node_modules\\superagent\\lib\\node\\index.js:716:12)\n    at IncomingMessage.&lt;anonymous&gt; (node_modules\\superagent\\lib\\node\\index.js:916:18)\n    at IncomingMessage.emit (node:events:526:35)\n    at endReadableNT (node:internal/streams/readable:1376:12)\n    at process.processTicksAndRejections (node:internal/process/task_queues:82:21)&quot;},&quot;uuid&quot;:&quot;21642ad9-f6db-4b61-acf6-186691f7d9b5&quot;,&quot;parentUUID&quot;:&quot;eb645be5-7a4d-4d7b-8c86-f6d93b5f6bae&quot;,&quot;isHook&quot;:false,&quot;skipped&quot;:false},{&quot;title&quot;:&quot;Test GET /hello with your name&quot;,&quot;fullTitle&quot;:&quot;Functional Tests Integration tests with chai-http Test GET /hello with your name&quot;,&quot;timedOut&quot;:false,&quot;duration&quot;:4,&quot;state&quot;:&quot;failed&quot;,&quot;pass&quot;:false,&quot;fail&quot;:true,&quot;pending&quot;:false,&quot;code&quot;:&quot;chai\n  .request(server)\n  .keepOpen()\n  .get(&#x27;/hello?name=xy_z&#x27;)\n  .end(function (err, res) {\n    assert.fail(res.status, 200);\n    assert.fail(res.text, &#x27;hello xy_z&#x27;);\n    done();\n  });&quot;,&quot;err&quot;:{&quot;message&quot;:&quot;AssertionError: assert.fail()&quot;,&quot;estack&quot;:&quot;AssertionError: assert.fail()\n    at C:\\Users\\Lora Saranillo\\OneDrive\\Documents\\GitHub\\SoftwareTesting\\boilerplate-mochachai-main\\tests\\2_functional-tests.js:31:18\n    at Request.callback (node_modules\\superagent\\lib\\node\\index.js:716:12)\n    at IncomingMessage.&lt;anonymous&gt; (node_modules\\superagent\\lib\\node\\index.js:916:18)\n    at IncomingMessage.emit (node:events:526:35)\n    at endReadableNT (node:internal/streams/readable:1376:12)\n    at process.processTicksAndRejections (node:internal/process/task_queues:82:21)&quot;},&quot;uuid&quot;:&quot;c0bc2d9d-d535-4306-89ab-76e8486944e9&quot;,&quot;parentUUID&quot;:&quot;eb645be5-7a4d-4d7b-8c86-f6d93b5f6bae&quot;,&quot;isHook&quot;:false,&quot;skipped&quot;:false},{&quot;title&quot;:&quot;Send {surname: \&quot;Colombo\&quot;}&quot;,&quot;fullTitle&quot;:&quot;Functional Tests Integration tests with chai-http Send {surname: \&quot;Colombo\&quot;}&quot;,&quot;timedOut&quot;:false,&quot;duration&quot;:4,&quot;state&quot;:&quot;failed&quot;,&quot;pass&quot;:false,&quot;fail&quot;:true,&quot;pending&quot;:false,&quot;code&quot;:&quot;chai\n  .request(server)\n  .keepOpen()\n  .put(&#x27;/travellers&#x27;)\n  .end(function (err, res) {\n    assert.fail();\n    done();\n  });&quot;,&quot;err&quot;:{&quot;message&quot;:&quot;AssertionError: assert.fail()&quot;,&quot;estack&quot;:&quot;AssertionError: assert.fail()\n    at C:\\Users\\Lora Saranillo\\OneDrive\\Documents\\GitHub\\SoftwareTesting\\boilerplate-mochachai-main\\tests\\2_functional-tests.js:44:18\n    at Request.callback (node_modules\\superagent\\lib\\node\\index.js:716:12)\n    at C:\\Users\\Lora Saranillo\\OneDrive\\Documents\\GitHub\\SoftwareTesting\\boilerplate-mochachai-main\\node_modules\\superagent\\lib\\node\\index.js:916:18\n    at IncomingMessage.&lt;anonymous&gt; (node_modules\\superagent\\lib\\node\\parsers\\json.js:19:7)\n    at IncomingMessage.emit (node:events:526:35)\n    at endReadableNT (node:internal/streams/readable:1376:12)\n    at process.processTicksAndRejections (node:internal/process/task_queues:82:21)&quot;},&quot;uuid&quot;:&quot;d34deefc-cbfa-476c-8529-c0d57f5029e5&quot;,&quot;parentUUID&quot;:&quot;eb645be5-7a4d-4d7b-8c86-f6d93b5f6bae&quot;,&quot;isHook&quot;:false,&quot;skipped&quot;:false},{&quot;title&quot;:&quot;Send {surname: \&quot;da Verrazzano\&quot;}&quot;,&quot;fullTitle&quot;:&quot;Functional Tests Integration tests with chai-http Send {surname: \&quot;da Verrazzano\&quot;}&quot;,&quot;timedOut&quot;:false,&quot;duration&quot;:0,&quot;state&quot;:&quot;failed&quot;,&quot;pass&quot;:false,&quot;fail&quot;:true,&quot;pending&quot;:false,&quot;code&quot;:&quot;assert.fail();\ndone();&quot;,&quot;err&quot;:{&quot;message&quot;:&quot;AssertionError: assert.fail()&quot;,&quot;estack&quot;:&quot;AssertionError: assert.fail()\n    at Context.&lt;anonymous&gt; (tests\\2_functional-tests.js:51:14)\n    at process.processImmediate (node:internal/timers:478:21)&quot;},&quot;uuid&quot;:&quot;1973ef57-c527-40ef-967d-376cf67af9b2&quot;,&quot;parentUUID&quot;:&quot;eb645be5-7a4d-4d7b-8c86-f6d93b5f6bae&quot;,&quot;isHook&quot;:false,&quot;skipped&quot;:false}],&quot;suites&quot;:[],&quot;passes&quot;:[],&quot;failures&quot;:[&quot;21642ad9-f6db-4b61-acf6-186691f7d9b5&quot;,&quot;c0bc2d9d-d535-4306-89ab-76e8486944e9&quot;,&quot;d34deefc-cbfa-476c-8529-c0d57f5029e5&quot;,&quot;1973ef57-c527-40ef-967d-376cf67af9b2&quot;],&quot;pending&quot;:[],&quot;skipped&quot;:[],&quot;duration&quot;:25,&quot;root&quot;:false,&quot;rootEmpty&quot;:false,&quot;_timeout&quot;:5000}],&quot;passes&quot;:[],&quot;failures&quot;:[],&quot;pending&quot;:[],&quot;skipped&quot;:[],&quot;duration&quot;:0,&quot;root&quot;:false,&quot;rootEmpty&quot;:false,&quot;_timeout&quot;:5000},{&quot;uuid&quot;:&quot;cfde53c2-b3a0-4926-ae6b-f728a8a02457&quot;,&quot;title&quot;:&quot;Functional Tests with Zombie.js&quot;,&quot;fullFile&quot;:&quot;C:\\Users\\Lora Saranillo\\OneDrive\\Documents\\GitHub\\SoftwareTesting\\boilerplate-mochachai-main\\tests\\2_functional-tests.js&quot;,&quot;file&quot;:&quot;\\tests\\2_functional-tests.js&quot;,&quot;beforeHooks&quot;:[],&quot;afterHooks&quot;:[],&quot;tests&quot;:[],&quot;suites&quot;:[{&quot;uuid&quot;:&quot;389f5786-49cc-41ef-a13a-5e9cb4ce90a5&quot;,&quot;title&quot;:&quot;Headless browser&quot;,&quot;fullFile&quot;:&quot;C:\\Users\\Lora Saranillo\\OneDrive\\Documents\\GitHub\\SoftwareTesting\\boilerplate-mochachai-main\\tests\\2_functional-tests.js&quot;,&quot;file&quot;:&quot;\\tests\\2_functional-tests.js&quot;,&quot;beforeHooks&quot;:[],&quot;afterHooks&quot;:[],&quot;tests&quot;:[{&quot;title&quot;:&quot;should have a working \&quot;site\&quot; property&quot;,&quot;fullTitle&quot;:&quot;Functional Tests with Zombie.js Headless browser should have a working \&quot;site\&quot; property&quot;,&quot;timedOut&quot;:false,&quot;duration&quot;:0,&quot;state&quot;:&quot;failed&quot;,&quot;pass&quot;:false,&quot;fail&quot;:true,&quot;pending&quot;:false,&quot;code&quot;:&quot;assert.isNotNull(browser.site);&quot;,&quot;err&quot;:{&quot;message&quot;:&quot;ReferenceError: browser is not defined&quot;,&quot;estack&quot;:&quot;ReferenceError: browser is not defined\n    at Context.&lt;anonymous&gt; (tests\\2_functional-tests.js:67:24)\n    at process.processImmediate (node:internal/timers:478:21)&quot;},&quot;uuid&quot;:&quot;db93986b-d9c9-4f54-b2c8-7dba8bcd4ae3&quot;,&quot;parentUUID&quot;:&quot;389f5786-49cc-41ef-a13a-5e9cb4ce90a5&quot;,&quot;isHook&quot;:false,&quot;skipped&quot;:false}],&quot;suites&quot;:[],&quot;passes&quot;:[],&quot;failures&quot;:[&quot;db93986b-d9c9-4f54-b2c8-7dba8bcd4ae3&quot;],&quot;pending&quot;:[],&quot;skipped&quot;:[],&quot;duration&quot;:0,&quot;root&quot;:false,&quot;rootEmpty&quot;:false,&quot;_timeout&quot;:5000},{&quot;uuid&quot;:&quot;e6ce2ecd-542b-4405-b41d-26d08b916d71&quot;,&quot;title&quot;:&quot;\&quot;Famous Italian Explorers\&quot; form&quot;,&quot;fullFile&quot;:&quot;C:\\Users\\Lora Saranillo\\OneDrive\\Documents\\GitHub\\SoftwareTesting\\boilerplate-mochachai-main\\tests\\2_functional-tests.js&quot;,&quot;file&quot;:&quot;\\tests\\2_functional-tests.js&quot;,&quot;beforeHooks&quot;:[],&quot;afterHooks&quot;:[],&quot;tests&quot;:[{&quot;title&quot;:&quot;Submit the surname \&quot;Colombo\&quot; in the HTML form&quot;,&quot;fullTitle&quot;:&quot;Functional Tests with Zombie.js \&quot;Famous Italian Explorers\&quot; form Submit the surname \&quot;Colombo\&quot; in the HTML form&quot;,&quot;timedOut&quot;:false,&quot;duration&quot;:0,&quot;state&quot;:&quot;failed&quot;,&quot;pass&quot;:false,&quot;fail&quot;:true,&quot;pending&quot;:false,&quot;code&quot;:&quot;assert.fail();\ndone();&quot;,&quot;err&quot;:{&quot;message&quot;:&quot;AssertionError: assert.fail()&quot;,&quot;estack&quot;:&quot;AssertionError: assert.fail()\n    at Context.&lt;anonymous&gt; (tests\\2_functional-tests.js:74:14)\n    at process.processImmediate (node:internal/timers:478:21)&quot;},&quot;uuid&quot;:&quot;9aea69df-9edc-4b5c-a20d-4137b2e730e8&quot;,&quot;parentUUID&quot;:&quot;e6ce2ecd-542b-4405-b41d-26d08b916d71&quot;,&quot;isHook&quot;:false,&quot;skipped&quot;:false},{&quot;title&quot;:&quot;Submit the surname \&quot;Vespucci\&quot; in the HTML form&quot;,&quot;fullTitle&quot;:&quot;Functional Tests with Zombie.js \&quot;Famous Italian Explorers\&quot; form Submit the surname \&quot;Vespucci\&quot; in the HTML form&quot;,&quot;timedOut&quot;:false,&quot;duration&quot;:0,&quot;state&quot;:&quot;failed&quot;,&quot;pass&quot;:false,&quot;fail&quot;:true,&quot;pending&quot;:false,&quot;code&quot;:&quot;assert.fail();\ndone();&quot;,&quot;err&quot;:{&quot;message&quot;:&quot;AssertionError: assert.fail()&quot;,&quot;estack&quot;:&quot;AssertionError: assert.fail()\n    at Context.&lt;anonymous&gt; (tests\\2_functional-tests.js:80:14)\n    at process.processImmediate (node:internal/timers:478:21)&quot;},&quot;uuid&quot;:&quot;3740fe8d-6c66-4782-a257-1903e876753c&quot;,&quot;parentUUID&quot;:&quot;e6ce2ecd-542b-4405-b41d-26d08b916d71&quot;,&quot;isHook&quot;:false,&quot;skipped&quot;:false}],&quot;suites&quot;:[],&quot;passes&quot;:[],&quot;failures&quot;:[&quot;9aea69df-9edc-4b5c-a20d-4137b2e730e8&quot;,&quot;3740fe8d-6c66-4782-a257-1903e876753c&quot;],&quot;pending&quot;:[],&quot;skipped&quot;:[],&quot;duration&quot;:0,&quot;root&quot;:false,&quot;rootEmpty&quot;:false,&quot;_timeout&quot;:5000}],&quot;passes&quot;:[],&quot;failures&quot;:[],&quot;pending&quot;:[],&quot;skipped&quot;:[],&quot;duration&quot;:0,&quot;root&quot;:false,&quot;rootEmpty&quot;:false,&quot;_timeout&quot;:5000}],&quot;passes&quot;:[],&quot;failures&quot;:[],&quot;pending&quot;:[],&quot;skipped&quot;:[],&quot;duration&quot;:0,&quot;root&quot;:true,&quot;rootEmpty&quot;:true,&quot;_timeout&quot;:2000}],&quot;meta&quot;:{&quot;mocha&quot;:{&quot;version&quot;:&quot;10.2.0&quot;},&quot;mochawesome&quot;:{&quot;options&quot;:{&quot;quiet&quot;:false,&quot;reportFilename&quot;:&quot;mochawesome&quot;,&quot;saveHtml&quot;:true,&quot;saveJson&quot;:true,&quot;consoleReporter&quot;:&quot;spec&quot;,&quot;useInlineDiffs&quot;:false,&quot;code&quot;:true},&quot;version&quot;:&quot;7.1.3&quot;},&quot;marge&quot;:{&quot;version&quot;:&quot;6.2.0&quot;}}}" data-config="{&quot;reportFilename&quot;:&quot;mochawesome&quot;,&quot;reportDir&quot;:&quot;mochawesome-report&quot;,&quot;reportTitle&quot;:&quot;boilerplate-mochachai-main&quot;,&quot;reportPageTitle&quot;:&quot;Mochawesome Report&quot;,&quot;inline&quot;:false,&quot;inlineAssets&quot;:false,&quot;cdn&quot;:false,&quot;charts&quot;:false,&quot;enableCharts&quot;:false,&quot;code&quot;:true,&quot;enableCode&quot;:true,&quot;autoOpen&quot;:false,&quot;overwrite&quot;:true,&quot;timestamp&quot;:false,&quot;ts&quot;:false,&quot;showPassed&quot;:true,&quot;showFailed&quot;:true,&quot;showPending&quot;:true,&quot;showSkipped&quot;:false,&quot;showHooks&quot;:&quot;failed&quot;,&quot;saveJson&quot;:true,&quot;saveHtml&quot;:true,&quot;dev&quot;:false,&quot;assetsDir&quot;:&quot;mochawesome-report\\assets&quot;,&quot;jsonFile&quot;:&quot;C:\\Users\\Lora Saranillo\\OneDrive\\Documents\\GitHub\\SoftwareTesting\\boilerplate-mochachai-main\\mochawesome-report\\mochawesome.json&quot;,&quot;htmlFile&quot;:&quot;C:\\Users\\Lora Saranillo\\OneDrive\\Documents\\GitHub\\SoftwareTesting\\boilerplate-mochachai-main\\mochawesome-report\\mochawesome.html&quot;}"><div id="report"></div><script src="assets\app.js"></script></body></html>